# JRE version: OpenJDK Runtime Environment (17.0.6) (build 17.0.6+0-b2043.56-10027231)
# Java VM: OpenJDK 64-Bit Server VM (17.0.6+0-b2043.56-10027231, mixed mode, tiered, compressed oops, compressed class ptrs, g1 gc, windows-amd64)
GC Precious Log:
 CPUs: 12 total, 12 available
 Memory: 16164M
 Large Page Support: Disabled
 NUMA Support: Disabled
 Compressed Oops: Enabled (32-bit)
 Heap Region Size: 1M
 Heap Min Capacity: 8M
 Heap Initial Capacity: 254M
 Heap Max Capacity: 2G
 Pre-touch: Disabled
 Parallel Workers: 10
 Concurrent Workers: 3
 Concurrent Refinement Workers: 10
 Periodic GC: Disabled
Heap:
 garbage-first heap   total 331776K, used 287511K [0x0000000080000000, 0x0000000100000000)
  region size 1024K, 119 young (121856K), 14 survivors (14336K)
 Metaspace       used 156051K, committed 157312K, reserved 1187840K
  class space    used 21715K, committed 22336K, reserved 1048576K
GC Heap History (20 events):
Event: 73.020 GC heap after
{Heap after GC invocations=50 (full 0):
 garbage-first heap   total 222208K, used 162291K [0x0000000080000000, 0x0000000100000000)
  region size 1024K, 5 young (5120K), 5 survivors (5120K)
 Metaspace       used 123306K, committed 124160K, reserved 1163264K
  class space    used 16530K, committed 16960K, reserved 1048576K
}
Event: 73.799 GC heap before
{Heap before GC invocations=50 (full 0):
 garbage-first heap   total 222208K, used 184819K [0x0000000080000000, 0x0000000100000000)
  region size 1024K, 28 young (28672K), 5 survivors (5120K)
 Metaspace       used 124755K, committed 125632K, reserved 1163264K
  class space    used 16733K, committed 17152K, reserved 1048576K
}
Event: 73.807 GC heap after
{Heap after GC invocations=51 (full 0):
 garbage-first heap   total 222208K, used 162796K [0x0000000080000000, 0x0000000100000000)
  region size 1024K, 3 young (3072K), 3 survivors (3072K)
 Metaspace       used 124755K, committed 125632K, reserved 1163264K
  class space    used 16733K, committed 17152K, reserved 1048576K
}
Event: 74.373 GC heap before
{Heap before GC invocations=52 (full 0):
 garbage-first heap   total 276480K, used 180204K [0x0000000080000000, 0x0000000100000000)
  region size 1024K, 24 young (24576K), 3 survivors (3072K)
 Metaspace       used 126624K, committed 127488K, reserved 1163264K
  class space    used 17017K, committed 17472K, reserved 1048576K
}
Event: 74.383 GC heap after
{Heap after GC invocations=53 (full 0):
 garbage-first heap   total 276480K, used 159452K [0x0000000080000000, 0x0000000100000000)
  region size 1024K, 2 young (2048K), 2 survivors (2048K)
 Metaspace       used 126624K, committed 127488K, reserved 1163264K
  class space    used 17017K, committed 17472K, reserved 1048576K
}
Event: 74.847 GC heap before
{Heap before GC invocations=53 (full 0):
 garbage-first heap   total 276480K, used 169692K [0x0000000080000000, 0x0000000100000000)
  region size 1024K, 13 young (13312K), 2 survivors (2048K)
 Metaspace       used 128605K, committed 129408K, reserved 1163264K
  class space    used 17342K, committed 17728K, reserved 1048576K
}
Event: 74.859 GC heap after
{Heap after GC invocations=54 (full 0):
 garbage-first heap   total 331776K, used 145895K [0x0000000080000000, 0x0000000100000000)
  region size 1024K, 2 young (2048K), 2 survivors (2048K)
 Metaspace       used 128605K, committed 129408K, reserved 1163264K
  class space    used 17342K, committed 17728K, reserved 1048576K
}
Event: 77.805 GC heap before
{Heap before GC invocations=54 (full 0):
 garbage-first heap   total 331776K, used 257511K [0x0000000080000000, 0x0000000100000000)
  region size 1024K, 112 young (114688K), 2 survivors (2048K)
 Metaspace       used 141713K, committed 142656K, reserved 1171456K
  class space    used 19896K, committed 20352K, reserved 1048576K
}
Event: 77.818 GC heap after
{Heap after GC invocations=55 (full 0):
 garbage-first heap   total 331776K, used 154227K [0x0000000080000000, 0x0000000100000000)
  region size 1024K, 10 young (10240K), 10 survivors (10240K)
 Metaspace       used 141713K, committed 142656K, reserved 1171456K
  class space    used 19896K, committed 20352K, reserved 1048576K
}
Event: 80.966 GC heap before
{Heap before GC invocations=55 (full 0):
 garbage-first heap   total 331776K, used 282227K [0x0000000080000000, 0x0000000100000000)
  region size 1024K, 109 young (111616K), 10 survivors (10240K)
 Metaspace       used 149968K, committed 151040K, reserved 1179648K
  class space    used 21328K, committed 21824K, reserved 1048576K
}
Event: 80.981 GC heap after
{Heap after GC invocations=56 (full 0):
 garbage-first heap   total 331776K, used 152742K [0x0000000080000000, 0x0000000100000000)
  region size 1024K, 3 young (3072K), 3 survivors (3072K)
 Metaspace       used 149968K, committed 151040K, reserved 1179648K
  class space    used 21328K, committed 21824K, reserved 1048576K
}
Event: 298.139 GC heap before
{Heap before GC invocations=56 (full 0):
 garbage-first heap   total 331776K, used 261286K [0x0000000080000000, 0x0000000100000000)
  region size 1024K, 110 young (112640K), 3 survivors (3072K)
 Metaspace       used 153184K, committed 154240K, reserved 1187840K
  class space    used 21529K, committed 22080K, reserved 1048576K
}
Event: 298.154 GC heap after
{Heap after GC invocations=57 (full 0):
 garbage-first heap   total 331776K, used 162159K [0x0000000080000000, 0x0000000100000000)
  region size 1024K, 12 young (12288K), 12 survivors (12288K)
 Metaspace       used 153184K, committed 154240K, reserved 1187840K
  class space    used 21529K, committed 22080K, reserved 1048576K
}
Event: 354.658 GC heap before
{Heap before GC invocations=57 (full 0):
 garbage-first heap   total 331776K, used 293231K [0x0000000080000000, 0x0000000100000000)
  region size 1024K, 114 young (116736K), 12 survivors (12288K)
 Metaspace       used 153927K, committed 155008K, reserved 1187840K
  class space    used 21588K, committed 22144K, reserved 1048576K
}
Event: 354.665 GC heap after
{Heap after GC invocations=58 (full 0):
 garbage-first heap   total 331776K, used 155183K [0x0000000080000000, 0x0000000100000000)
  region size 1024K, 2 young (2048K), 2 survivors (2048K)
 Metaspace       used 153927K, committed 155008K, reserved 1187840K
  class space    used 21588K, committed 22144K, reserved 1048576K
}
Event: 437.802 GC heap before
{Heap before GC invocations=58 (full 0):
 garbage-first heap   total 331776K, used 269871K [0x0000000080000000, 0x0000000100000000)
  region size 1024K, 115 young (117760K), 2 survivors (2048K)
 Metaspace       used 154673K, committed 155840K, reserved 1187840K
  class space    used 21633K, committed 22208K, reserved 1048576K
}
Event: 437.818 GC heap after
{Heap after GC invocations=59 (full 0):
 garbage-first heap   total 331776K, used 167564K [0x0000000080000000, 0x0000000100000000)
  region size 1024K, 14 young (14336K), 14 survivors (14336K)
 Metaspace       used 154673K, committed 155840K, reserved 1187840K
  class space    used 21633K, committed 22208K, reserved 1048576K
}
Event: 1031.923 GC heap before
{Heap before GC invocations=59 (full 0):
 garbage-first heap   total 331776K, used 294540K [0x0000000080000000, 0x0000000100000000)
  region size 1024K, 113 young (115712K), 14 survivors (14336K)
 Metaspace       used 155103K, committed 156224K, reserved 1187840K
  class space    used 21652K, committed 22208K, reserved 1048576K
}
Event: 1031.934 GC heap after
{Heap after GC invocations=60 (full 0):
 garbage-first heap   total 331776K, used 162583K [0x0000000080000000, 0x0000000100000000)
  region size 1024K, 7 young (7168K), 7 survivors (7168K)
 Metaspace       used 155103K, committed 156224K, reserved 1187840K
  class space    used 21652K, committed 22208K, reserved 1048576K
}
Event: 1035.203 GC heap before
{Heap before GC invocations=60 (full 0):
 garbage-first heap   total 331776K, used 286487K [0x0000000080000000, 0x0000000100000000)
  region size 1024K, 112 young (114688K), 7 survivors (7168K)
 Metaspace       used 156051K, committed 157312K, reserved 1187840K
  class space    used 21715K, committed 22336K, reserved 1048576K
}

